<?xml version="1.0" encoding="UTF-8"?>
<!-- Generated by org.testng.reporters.JUnitReportReporter -->
<testsuite hostname="DESKTOP-E76I3N8" failures="0" tests="1" name="script.ValidLogin" time="10.237" errors="0" timestamp="2022-05-11T22:44:48 CDT" skipped="0">
  <testcase classname="script.ValidLogin" name="testValidLogin" time="10.237"/>
  <system-out/>
</testsuite> <!-- script.ValidLogin -->
