<?xml version="1.0" encoding="UTF-8"?>
<!-- Generated by org.testng.reporters.JUnitReportReporter -->
<testsuite hostname="DESKTOP-E76I3N8" failures="0" tests="1" name="script.Demo5" time="0.401" errors="0" timestamp="2022-05-09T22:06:02 CDT" skipped="0">
  <testcase classname="script.Demo5" name="test_report" time="0.401"/>
  <system-out/>
</testsuite> <!-- script.Demo5 -->
