<?xml version="1.0" encoding="UTF-8"?>
<!-- Generated by org.testng.reporters.JUnitReportReporter -->
<testsuite hostname="DESKTOP-E76I3N8" failures="0" tests="3" name="script.Demo3" time="13.505" errors="0" timestamp="2022-05-09T22:06:02 CDT" skipped="0">
  <testcase classname="script.Demo3" name="test3" time="4.537"/>
  <system-out>
    <![CDATA[A4]]>
  </system-out>
  <testcase classname="script.Demo3" name="test3" time="4.938"/>
  <system-out>
    <![CDATA[A2
B2]]>
  </system-out>
  <testcase classname="script.Demo3" name="test3" time="4.030"/>
  <system-out>
    <![CDATA[A3

C3]]>
  </system-out>
</testsuite> <!-- script.Demo3 -->
