<?xml version="1.0" encoding="UTF-8"?>
<!-- Generated by org.testng.reporters.JUnitReportReporter -->
<testsuite hostname="DESKTOP-E76I3N8" failures="0" tests="3" name="script.Demo2" time="12.354" errors="0" timestamp="2022-05-09T22:06:02 CDT" skipped="0">
  <testcase classname="script.Demo2" name="test2" time="4.055"/>
  <system-out>
    <![CDATA[Facebook - log in or sign up
A2
B2]]>
  </system-out>
  <testcase classname="script.Demo2" name="test2" time="4.079"/>
  <system-out>
    <![CDATA[Facebook - log in or sign up
A3
B3]]>
  </system-out>
  <testcase classname="script.Demo2" name="test2" time="4.220"/>
  <system-out>
    <![CDATA[Facebook - log in or sign up
A1
B1]]>
  </system-out>
</testsuite> <!-- script.Demo2 -->
