<?xml version="1.0" encoding="UTF-8"?>
<!-- Generated by org.testng.reporters.JUnitReportReporter -->
<testsuite hostname="DESKTOP-E76I3N8" failures="0" tests="2" name="script.Demo1" time="62.113" errors="0" timestamp="2022-05-08T22:41:14 CDT" skipped="0">
  <testcase classname="script.Demo1" name="test1" time="29.935"/>
  <system-out>
    <![CDATA[Facebook - log in or sign up
admin
manager
bhanu
abcd
akshara
xyz]]>
  </system-out>
  <testcase classname="script.Demo1" name="test1" time="32.178"/>
  <system-out>
    <![CDATA[Google
admin
manager
bhanu
abcd
akshara
xyz]]>
  </system-out>
</testsuite> <!-- script.Demo1 -->
