<?xml version="1.0" encoding="UTF-8"?>
<!-- Generated by org.testng.reporters.JUnitReportReporter -->
<testsuite hostname="DESKTOP-E76I3N8" failures="0" tests="6" name="script.Demo2" time="115.736" errors="0" timestamp="2022-05-08T22:41:14 CDT" skipped="0">
  <testcase classname="script.Demo2" name="test2" time="12.230"/>
  <system-out>
    <![CDATA[Facebook - log in or sign up
A1
B1]]>
  </system-out>
  <testcase classname="script.Demo2" name="test2" time="28.803"/>
  <system-out>
    <![CDATA[Google
A2
B2]]>
  </system-out>
  <testcase classname="script.Demo2" name="test2" time="25.782"/>
  <system-out>
    <![CDATA[Google
A1
B1]]>
  </system-out>
  <testcase classname="script.Demo2" name="test2" time="17.130"/>
  <system-out>
    <![CDATA[Facebook - log in or sign up
A3
B3]]>
  </system-out>
  <testcase classname="script.Demo2" name="test2" time="9.988"/>
  <system-out>
    <![CDATA[Facebook - log in or sign up
A2
B2]]>
  </system-out>
  <testcase classname="script.Demo2" name="test2" time="21.803"/>
  <system-out>
    <![CDATA[Google
A3
B3]]>
  </system-out>
</testsuite> <!-- script.Demo2 -->
