<?xml version="1.0" encoding="UTF-8"?>
<!-- Generated by org.testng.reporters.JUnitReportReporter -->
<testsuite hostname="DESKTOP-E76I3N8" failures="0" tests="4" name="script.Demo4" time="0.036" errors="0" timestamp="2022-05-08T22:41:14 CDT" skipped="0">
  <testcase classname="script.Demo4" name="testB" time="0.002"/>
  <system-out>
    <![CDATA[testB]]>
  </system-out>
  <testcase classname="script.Demo4" name="testA" time="0.007"/>
  <system-out>
    <![CDATA[testA]]>
  </system-out>
  <testcase classname="script.Demo4" name="testB" time="0.011"/>
  <system-out>
    <![CDATA[testB]]>
  </system-out>
  <testcase classname="script.Demo4" name="testA" time="0.016"/>
  <system-out>
    <![CDATA[testA]]>
  </system-out>
</testsuite> <!-- script.Demo4 -->
