<?xml version="1.0" encoding="UTF-8"?>
<!-- Generated by org.testng.reporters.JUnitReportReporter -->
<testsuite hostname="DESKTOP-E76I3N8" failures="0" tests="6" name="script.Demo3" time="82.354" errors="0" timestamp="2022-05-08T22:41:14 CDT" skipped="0">
  <testcase classname="script.Demo3" name="test3" time="7.592"/>
  <system-out>
    <![CDATA[A3

C3]]>
  </system-out>
  <testcase classname="script.Demo3" name="test3" time="15.856"/>
  <system-out>
    <![CDATA[A4]]>
  </system-out>
  <testcase classname="script.Demo3" name="test3" time="18.783"/>
  <system-out>
    <![CDATA[A4]]>
  </system-out>
  <testcase classname="script.Demo3" name="test3" time="13.895"/>
  <system-out>
    <![CDATA[A2
B2]]>
  </system-out>
  <testcase classname="script.Demo3" name="test3" time="13.836"/>
  <system-out>
    <![CDATA[A2
B2]]>
  </system-out>
  <testcase classname="script.Demo3" name="test3" time="12.392"/>
  <system-out>
    <![CDATA[A3

C3]]>
  </system-out>
</testsuite> <!-- script.Demo3 -->
